2023-04-05 14:58:59,974 INFO org.springframework.boot.StartupInfoLogger [restartedMain] Starting LoggingApplication using Java 19.0.1 on LAPTOP-UR4EG3U3 with PID 7640 (C:\Users\mirko\Desktop\logging\target\classes started by mirko in C:\Users\mirko\Desktop\logging)
2023-04-05 14:58:59,978 DEBUG org.springframework.boot.StartupInfoLogger [restartedMain] Running with Spring Boot v2.6.5, Spring v5.3.17
2023-04-05 14:58:59,979 INFO org.springframework.boot.SpringApplication [restartedMain] No active profile set, falling back to 1 default profile: "default"
2023-04-05 14:59:00,064 INFO org.springframework.boot.logging.DeferredLog [restartedMain] Devtools property defaults active! Set 'spring.devtools.add-properties' to 'false' to disable
2023-04-05 14:59:00,065 INFO org.springframework.boot.logging.DeferredLog [restartedMain] For additional web related logging consider setting the 'logging.level.web' property to 'DEBUG'
2023-04-05 14:59:01,234 INFO org.springframework.boot.web.embedded.tomcat.TomcatWebServer [restartedMain] Tomcat initialized with port(s): 8080 (http)
2023-04-05 14:59:01,245 INFO org.apache.juli.logging.DirectJDKLog [restartedMain] Initializing ProtocolHandler ["http-nio-8080"]
2023-04-05 14:59:01,246 INFO org.apache.juli.logging.DirectJDKLog [restartedMain] Starting service [Tomcat]
2023-04-05 14:59:01,247 INFO org.apache.juli.logging.DirectJDKLog [restartedMain] Starting Servlet engine: [Apache Tomcat/9.0.60]
2023-04-05 14:59:01,313 INFO org.apache.juli.logging.DirectJDKLog [restartedMain] Initializing Spring embedded WebApplicationContext
2023-04-05 14:59:01,313 INFO org.springframework.boot.web.servlet.context.ServletWebServerApplicationContext [restartedMain] Root WebApplicationContext: initialization completed in 1247 ms
2023-04-05 14:59:01,690 INFO org.springframework.boot.devtools.autoconfigure.OptionalLiveReloadServer [restartedMain] LiveReload server is running on port 35729
2023-04-05 14:59:01,702 INFO org.apache.juli.logging.DirectJDKLog [restartedMain] Starting ProtocolHandler ["http-nio-8080"]
2023-04-05 14:59:01,731 INFO org.springframework.boot.web.embedded.tomcat.TomcatWebServer [restartedMain] Tomcat started on port(s): 8080 (http) with context path ''
2023-04-05 14:59:01,745 INFO org.springframework.boot.StartupInfoLogger [restartedMain] Started LoggingApplication in 2.484 seconds (JVM running for 3.125)
2023-04-05 14:59:53,781 INFO org.apache.juli.logging.DirectJDKLog [http-nio-8080-exec-1] Initializing Spring DispatcherServlet 'dispatcherServlet'
2023-04-05 14:59:53,783 INFO org.springframework.web.servlet.FrameworkServlet [http-nio-8080-exec-1] Initializing Servlet 'dispatcherServlet'
2023-04-05 14:59:53,785 INFO org.springframework.web.servlet.FrameworkServlet [http-nio-8080-exec-1] Completed initialization in 2 ms
2023-04-05 14:59:53,809 INFO co.develhope.logging.controllers.BasicController [http-nio-8080-exec-1] start log
2023-04-05 15:00:24,873 INFO co.develhope.logging.controllers.BasicController [http-nio-8080-exec-3] start log
2023-04-05 15:00:53,104 INFO co.develhope.logging.services.BasicService [http-nio-8080-exec-4] Start logger
2023-04-05 15:00:53,104 INFO co.develhope.logging.services.BasicService [http-nio-8080-exec-4] End logger
2023-04-05 15:01:45,176 INFO org.springframework.boot.StartupInfoLogger [restartedMain] Starting LoggingApplication using Java 19.0.1 on LAPTOP-UR4EG3U3 with PID 11288 (C:\Users\mirko\Desktop\logging\target\classes started by mirko in C:\Users\mirko\Desktop\logging)
2023-04-05 15:01:45,178 DEBUG org.springframework.boot.StartupInfoLogger [restartedMain] Running with Spring Boot v2.6.5, Spring v5.3.17
2023-04-05 15:01:45,179 INFO org.springframework.boot.SpringApplication [restartedMain] No active profile set, falling back to 1 default profile: "default"
2023-04-05 15:01:45,259 INFO org.springframework.boot.logging.DeferredLog [restartedMain] Devtools property defaults active! Set 'spring.devtools.add-properties' to 'false' to disable
2023-04-05 15:01:45,260 INFO org.springframework.boot.logging.DeferredLog [restartedMain] For additional web related logging consider setting the 'logging.level.web' property to 'DEBUG'
2023-04-05 15:01:46,274 INFO org.springframework.boot.web.embedded.tomcat.TomcatWebServer [restartedMain] Tomcat initialized with port(s): 8080 (http)
2023-04-05 15:01:46,289 INFO org.apache.juli.logging.DirectJDKLog [restartedMain] Initializing ProtocolHandler ["http-nio-8080"]
2023-04-05 15:01:46,290 INFO org.apache.juli.logging.DirectJDKLog [restartedMain] Starting service [Tomcat]
2023-04-05 15:01:46,290 INFO org.apache.juli.logging.DirectJDKLog [restartedMain] Starting Servlet engine: [Apache Tomcat/9.0.60]
2023-04-05 15:01:46,372 INFO org.apache.juli.logging.DirectJDKLog [restartedMain] Initializing Spring embedded WebApplicationContext
2023-04-05 15:01:46,373 INFO org.springframework.boot.web.servlet.context.ServletWebServerApplicationContext [restartedMain] Root WebApplicationContext: initialization completed in 1112 ms
2023-04-05 15:01:46,764 INFO org.springframework.boot.devtools.autoconfigure.OptionalLiveReloadServer [restartedMain] LiveReload server is running on port 35729
2023-04-05 15:01:46,777 INFO org.apache.juli.logging.DirectJDKLog [restartedMain] Starting ProtocolHandler ["http-nio-8080"]
2023-04-05 15:01:46,802 INFO org.springframework.boot.web.embedded.tomcat.TomcatWebServer [restartedMain] Tomcat started on port(s): 8080 (http) with context path ''
2023-04-05 15:01:46,813 INFO org.springframework.boot.StartupInfoLogger [restartedMain] Started LoggingApplication in 2.238 seconds (JVM running for 2.747)
2023-04-05 15:01:54,925 INFO org.apache.juli.logging.DirectJDKLog [http-nio-8080-exec-1] Initializing Spring DispatcherServlet 'dispatcherServlet'
2023-04-05 15:01:54,926 INFO org.springframework.web.servlet.FrameworkServlet [http-nio-8080-exec-1] Initializing Servlet 'dispatcherServlet'
2023-04-05 15:01:54,926 INFO org.springframework.web.servlet.FrameworkServlet [http-nio-8080-exec-1] Completed initialization in 0 ms
2023-04-05 15:01:54,947 INFO co.develhope.logging.services.BasicService [http-nio-8080-exec-1] Start logger
2023-04-05 15:01:54,947 INFO co.develhope.logging.services.BasicService [http-nio-8080-exec-1] End logger
